2025-04-04 10:52:39.490069 - Received CBT.V508.FILE507.PDS from FILE507.XMI 
2025-04-04 10:52:39.490889 - Found $$$#DATE.txt (text/plain) in CBT.V508.FILE507.PDS, moved to PDS/$$$#DATE
2025-04-04 10:52:39.491042 - Found $DISCLM.eml (message/rfc822) in CBT.V508.FILE507.PDS, moved to PDS/$DISCLM
2025-04-04 10:52:39.491189 - Found $EMAILS.txt (text/plain) in CBT.V508.FILE507.PDS, moved to PDS/$EMAILS
2025-04-04 10:52:39.491335 - Found $NOMANUL.txt (text/plain) in CBT.V508.FILE507.PDS, moved to PDS/$NOMANUL
2025-04-04 10:52:39.491471 - Found $README.txt (text/plain) in CBT.V508.FILE507.PDS, moved to PDS/$README
2025-04-04 10:52:39.491593 - Found @FILE507.txt (text/plain) in CBT.V508.FILE507.PDS, moved to PDS/@FILE507
2025-04-04 10:52:39.491736 - Found LOADLIB.xmi (application/xmit) in CBT.V508.FILE507.PDS, moved to PDS/LOADLIB.xmi
2025-04-04 10:52:39.498956 - Received TPL.V6.LOADLIB from LOADLIB.xmi 
2025-04-04 10:52:39.499325 - Found E25.bin (application/octet-stream) in TPL.V6.LOADLIB, moved to LOADLIB/E25
2025-04-04 10:52:39.499465 - Found E35.bin (application/octet-stream) in TPL.V6.LOADLIB, moved to LOADLIB/E35
2025-04-04 10:52:39.499612 - Found TPLMONTR.bin (application/octet-stream) in TPL.V6.LOADLIB, moved to LOADLIB/TPLMONTR
2025-04-04 10:52:39.500006 - Found LOADLIB2.bin (application/octet-stream) in CBT.V508.FILE507.PDS, moved to PDS/LOADLIB2
2025-04-04 10:52:39.500520 - Found OBJLIB.xmi (application/xmit) in CBT.V508.FILE507.PDS, moved to PDS/OBJLIB.xmi
2025-04-04 10:52:39.636559 - Received TPL.V6.OBJLIB from OBJLIB.xmi 
2025-04-04 10:52:39.637380 - Found ABSOBJ.bin (application/octet-stream) in TPL.V6.OBJLIB, moved to OBJLIB/ABSOBJ
2025-04-04 10:52:39.637534 - Found CGNOBJ.bin (application/octet-stream) in TPL.V6.OBJLIB, moved to OBJLIB/CGNOBJ
2025-04-04 10:52:39.637667 - Found CTLOBJ.bin (application/octet-stream) in TPL.V6.OBJLIB, moved to OBJLIB/CTLOBJ
2025-04-04 10:52:39.637808 - Found CVTOBJ.bin (application/octet-stream) in TPL.V6.OBJLIB, moved to OBJLIB/CVTOBJ
2025-04-04 10:52:39.637928 - Found DCTOBJ.bin (application/octet-stream) in TPL.V6.OBJLIB, moved to OBJLIB/DCTOBJ
2025-04-04 10:52:39.638070 - Found DCWOBJ.bin (application/octet-stream) in TPL.V6.OBJLIB, moved to OBJLIB/DCWOBJ
2025-04-04 10:52:39.638207 - Found DSPOBJ.bin (application/octet-stream) in TPL.V6.OBJLIB, moved to OBJLIB/DSPOBJ
2025-04-04 10:52:39.638359 - Found LAYOBJ.bin (application/octet-stream) in TPL.V6.OBJLIB, moved to OBJLIB/LAYOBJ
2025-04-04 10:52:39.638474 - Found LIBOBJ.bin (application/octet-stream) in TPL.V6.OBJLIB, moved to OBJLIB/LIBOBJ
2025-04-04 10:52:39.638594 - Found MKLOBJ.bin (application/octet-stream) in TPL.V6.OBJLIB, moved to OBJLIB/MKLOBJ
2025-04-04 10:52:39.638736 - Found PCLOBJ.bin (application/octet-stream) in TPL.V6.OBJLIB, moved to OBJLIB/PCLOBJ
2025-04-04 10:52:39.638880 - Found POTOBJ.bin (application/octet-stream) in TPL.V6.OBJLIB, moved to OBJLIB/POTOBJ
2025-04-04 10:52:39.639017 - Found RDROBJ.bin (application/octet-stream) in TPL.V6.OBJLIB, moved to OBJLIB/RDROBJ
2025-04-04 10:52:39.639140 - Found SETOBJ.bin (application/octet-stream) in TPL.V6.OBJLIB, moved to OBJLIB/SETOBJ
2025-04-04 10:52:39.639289 - Found SISOBJ.bin (application/octet-stream) in TPL.V6.OBJLIB, moved to OBJLIB/SISOBJ
2025-04-04 10:52:39.639432 - Found SUBOBJ.bin (application/octet-stream) in TPL.V6.OBJLIB, moved to OBJLIB/SUBOBJ
2025-04-04 10:52:39.639587 - Found TRNOBJ.x-atari-degas (image/x-atari-degas) in TPL.V6.OBJLIB, moved to OBJLIB/TRNOBJ
2025-04-04 10:52:39.639701 - Found WRIOBJ.bin (application/octet-stream) in TPL.V6.OBJLIB, moved to OBJLIB/WRIOBJ
2025-04-04 10:52:39.640692 - Found PROCLIB.xmi (application/xmit) in CBT.V508.FILE507.PDS, moved to PDS/PROCLIB.xmi
2025-04-04 10:52:39.904900 - Received TPL.V6.PROCLIB from PROCLIB.xmi 
2025-04-04 10:52:39.906113 - Found CBKABSTR.txt (text/plain) in TPL.V6.PROCLIB, moved to PROCLIB/CBKABSTR
2025-04-04 10:52:39.906269 - Found CBKENTER.txt (text/plain) in TPL.V6.PROCLIB, moved to PROCLIB/CBKENTER
2025-04-04 10:52:39.906403 - Found CBKLIB.txt (text/plain) in TPL.V6.PROCLIB, moved to PROCLIB/CBKLIB
2025-04-04 10:52:39.906547 - Found CBKMKLIB.txt (text/plain) in TPL.V6.PROCLIB, moved to PROCLIB/CBKMKLIB
2025-04-04 10:52:39.906698 - Found CBKSINGL.txt (text/plain) in TPL.V6.PROCLIB, moved to PROCLIB/CBKSINGL
2025-04-04 10:52:39.906836 - Found SASTOTPL.txt (text/plain) in TPL.V6.PROCLIB, moved to PROCLIB/SASTOTPL
2025-04-04 10:52:39.906969 - Found TPLCLEAN.txt (text/plain) in TPL.V6.PROCLIB, moved to PROCLIB/TPLCLEAN
2025-04-04 10:52:39.907109 - Found TPLCREAT.txt (text/plain) in TPL.V6.PROCLIB, moved to PROCLIB/TPLCREAT
2025-04-04 10:52:39.907247 - Found TPLCRPHO.txt (text/plain) in TPL.V6.PROCLIB, moved to PROCLIB/TPLCRPHO
2025-04-04 10:52:39.907374 - Found TPLCRTP.txt (text/plain) in TPL.V6.PROCLIB, moved to PROCLIB/TPLCRTP
2025-04-04 10:52:39.907506 - Found TPLDICT.txt (text/plain) in TPL.V6.PROCLIB, moved to PROCLIB/TPLDICT
2025-04-04 10:52:39.907643 - Found TPLERCHK.txt (text/plain) in TPL.V6.PROCLIB, moved to PROCLIB/TPLERCHK
2025-04-04 10:52:39.907778 - Found TPLGENTB.txt (text/plain) in TPL.V6.PROCLIB, moved to PROCLIB/TPLGENTB
2025-04-04 10:52:39.907901 - Found TPLMOVE.txt (text/plain) in TPL.V6.PROCLIB, moved to PROCLIB/TPLMOVE
2025-04-04 10:52:39.908015 - Found TPLMULGN.txt (text/plain) in TPL.V6.PROCLIB, moved to PROCLIB/TPLMULGN
2025-04-04 10:52:39.908142 - Found TPLPHOTO.txt (text/plain) in TPL.V6.PROCLIB, moved to PROCLIB/TPLPHOTO
2025-04-04 10:52:39.908263 - Found TPLRERUN.txt (text/plain) in TPL.V6.PROCLIB, moved to PROCLIB/TPLRERUN
2025-04-04 10:52:39.908382 - Found TPLSAVE.txt (text/plain) in TPL.V6.PROCLIB, moved to PROCLIB/TPLSAVE
2025-04-04 10:52:39.908513 - Found TPLSIMU.txt (text/plain) in TPL.V6.PROCLIB, moved to PROCLIB/TPLSIMU
2025-04-04 10:52:39.908655 - Found TPLTOSAS.txt (text/plain) in TPL.V6.PROCLIB, moved to PROCLIB/TPLTOSAS
2025-04-04 10:52:39.908807 - Found TPLTPGEN.txt (text/plain) in TPL.V6.PROCLIB, moved to PROCLIB/TPLTPGEN
2025-04-04 10:52:39.908928 - Found TPLTYPCD.txt (text/plain) in TPL.V6.PROCLIB, moved to PROCLIB/TPLTYPCD
2025-04-04 10:52:39.909052 - Found TPLTYPE.txt (text/plain) in TPL.V6.PROCLIB, moved to PROCLIB/TPLTYPE
